<?xml version="1.0" encoding="UTF-8"?>
<!-- Generated by org.testng.reporters.JUnitReportReporter -->
<testsuite hostname="DESKTOP-V2ONJQQ" failures="0" tests="2" name="MyTests" time="0.014" errors="0" timestamp="2023-03-05T19:33:29 IST" skipped="0">
  <testcase classname="MyTests" name="Test2" time="0.001"/>
  <system-out/>
  <testcase classname="MyTests" name="Test1" time="0.013"/>
  <system-out/>
</testsuite> <!-- MyTests -->
